[00:14:37] [WARNING] mysql_connect: no password specified
[00:14:39] [ERROR] CConnection::CConnection - establishing connection to MySQL database failed: #2002 'Can't connect to MySQL server on 'localhost' (10061)'
[00:14:42] [ERROR] CConnection::CConnection - establishing connection to MySQL database failed: #2002 'Can't connect to MySQL server on 'localhost' (10061)'
[00:14:44] [WARNING] mysql_connect: no password specified
[00:14:46] [ERROR] CConnection::CConnection - establishing connection to MySQL database failed: #2002 'Can't connect to MySQL server on 'localhost' (10061)'
[00:14:48] [ERROR] CConnection::CConnection - establishing connection to MySQL database failed: #2002 'Can't connect to MySQL server on 'localhost' (10061)'
[00:14:50] [ERROR] CConnection::CConnection - establishing connection to MySQL database failed: #2002 'Can't connect to MySQL server on 'localhost' (10061)'
[00:14:52] [ERROR] CConnection::CConnection - establishing connection to MySQL database failed: #2002 'Can't connect to MySQL server on 'localhost' (10061)'
[00:17:06] [WARNING] mysql_connect: no password specified
[21:17:18] [WARNING] mysql_connect: no password specified
[21:17:20] [ERROR] CConnection::CConnection - establishing connection to MySQL database failed: #2002 'Can't connect to MySQL server on 'localhost' (10061)'
[21:17:22] [ERROR] CConnection::CConnection - establishing connection to MySQL database failed: #2002 'Can't connect to MySQL server on 'localhost' (10061)'
[21:17:24] [ERROR] CConnection::CConnection - establishing connection to MySQL database failed: #2002 'Can't connect to MySQL server on 'localhost' (10061)'
[21:17:26] [ERROR] CConnection::CConnection - establishing connection to MySQL database failed: #2002 'Can't connect to MySQL server on 'localhost' (10061)'
[21:18:01] [WARNING] mysql_connect: no password specified
[14:45:04] [WARNING] mysql_connect: no password specified
[16:54:36] [WARNING] mysql_connect: no password specified
[17:19:56] [ERROR] mysql_escape_string: destination array too small (needs at least '10' cells; has only '1')
[17:19:59] [ERROR] mysql_escape_string: destination array too small (needs at least '6' cells; has only '1')
[17:20:02] [ERROR] mysql_escape_string: destination array too small (needs at least '8' cells; has only '1')
[17:21:31] [ERROR] mysql_escape_string: destination array too small (needs at least '9' cells; has only '1')
[17:21:34] [ERROR] mysql_escape_string: destination array too small (needs at least '12' cells; has only '1')
[17:21:38] [ERROR] mysql_escape_string: destination array too small (needs at least '28' cells; has only '1')
[17:21:41] [ERROR] mysql_escape_string: destination array too small (needs at least '11' cells; has only '1')
[17:23:38] [WARNING] mysql_connect: no password specified
[17:51:57] [WARNING] mysql_connect: no password specified
[17:52:34] [WARNING] mysql_connect: no password specified
[17:54:43] [WARNING] mysql_connect: no password specified
[18:05:44] [WARNING] mysql_connect: no password specified
[18:06:39] [WARNING] mysql_connect: no password specified
[18:08:04] [WARNING] mysql_connect: no password specified
[18:16:57] [WARNING] mysql_connect: no password specified
[18:19:08] [WARNING] mysql_connect: no password specified
[18:20:37] [WARNING] mysql_connect: no password specified
[18:21:55] [WARNING] mysql_connect: no password specified
[18:22:22] [WARNING] mysql_connect: no password specified
[19:53:05] [WARNING] mysql_connect: no password specified
[19:54:27] [ERROR] error #2013 while executing query "SELECT * FROM `accounts` WHERE `name` = 'Ersa' LIMIT 1": Lost connection to MySQL server during query
[19:56:10] [WARNING] mysql_connect: no password specified
[19:57:29] [WARNING] mysql_connect: no password specified
[19:59:13] [WARNING] mysql_connect: no password specified
[19:59:35] [ERROR] mysql_escape_string: destination array too small (needs at least '9' cells; has only '1')
[20:03:28] [WARNING] mysql_connect: no password specified
[20:03:38] [ERROR] mysql_escape_string: destination array too small (needs at least '9' cells; has only '1')
[20:03:49] [WARNING] mysql_connect: no password specified
[20:04:11] [WARNING] mysql_connect: no password specified
[20:05:24] [WARNING] mysql_connect: no password specified
[20:09:18] [WARNING] mysql_connect: no password specified
[20:21:18] [WARNING] mysql_connect: no password specified
[20:31:28] [WARNING] mysql_connect: no password specified
[20:35:05] [WARNING] mysql_connect: no password specified
[20:34:44] [WARNING] mysql_connect: no password specified
[20:36:40] [WARNING] mysql_connect: no password specified
[19:21:48] [WARNING] mysql_connect: no password specified
[20:17:32] [WARNING] mysql_connect: no password specified
[20:28:18] [ERROR] cache_get_value_name: invalid row index '2' (number of rows: '1')
[19:15:20] [WARNING] mysql_connect: no password specified
[19:24:12] [WARNING] mysql_connect: no password specified
[20:28:32] [WARNING] mysql_connect: no password specified
[19:48:11] [WARNING] mysql_connect: no password specified
[19:54:36] [WARNING] mysql_connect: no password specified
[19:56:42] [WARNING] mysql_connect: no password specified
[17:36:32] [WARNING] mysql_connect: no password specified
[17:39:36] [WARNING] mysql_connect: no password specified
[19:09:14] [WARNING] mysql_connect: no password specified
[19:10:42] [WARNING] mysql_connect: no password specified
[19:11:35] [WARNING] mysql_connect: no password specified
[19:15:54] [WARNING] mysql_connect: no password specified
[19:19:52] [WARNING] mysql_connect: no password specified
[19:25:19] [WARNING] mysql_connect: no password specified
[19:30:07] [WARNING] mysql_connect: no password specified
[19:33:20] [WARNING] mysql_connect: no password specified
[19:33:58] [WARNING] mysql_connect: no password specified
[19:35:41] [WARNING] mysql_connect: no password specified
[19:43:48] [WARNING] mysql_connect: no password specified
[19:46:24] [WARNING] mysql_connect: no password specified
[19:50:22] [WARNING] mysql_connect: no password specified
[21:22:22] [WARNING] mysql_connect: no password specified
[21:23:35] [ERROR] error #2013 while executing query "SELECT * FROM `accounts` WHERE `name` = 'Ersa' LIMIT 1": Lost connection to MySQL server during query
[21:26:21] [WARNING] mysql_connect: no password specified
[21:27:15] [WARNING] mysql_connect: no password specified
[21:27:31] [WARNING] mysql_connect: no password specified
[21:44:32] [WARNING] mysql_connect: no password specified
[21:44:40] [WARNING] mysql_connect: no password specified
[21:54:34] [WARNING] mysql_connect: no password specified
[21:57:14] [WARNING] mysql_connect: no password specified
[21:58:07] [WARNING] mysql_connect: no password specified
[17:45:37] [WARNING] mysql_connect: no password specified
[17:46:57] [ERROR] error #2013 while executing query "SELECT * FROM `accounts` WHERE `name` = 'Ersa' LIMIT 1": Lost connection to MySQL server during query
[21:05:06] [WARNING] mysql_connect: no password specified
[21:17:25] [WARNING] mysql_connect: no password specified
[21:21:12] [WARNING] mysql_connect: no password specified
[21:22:25] [WARNING] mysql_connect: no password specified
[21:24:59] [WARNING] mysql_connect: no password specified
[21:27:34] [WARNING] mysql_connect: no password specified
[21:33:09] [WARNING] mysql_connect: no password specified
[21:36:23] [ERROR] error #2013 while executing query "SELECT * FROM `accounts` WHERE `email` = '@.' LIMIT 1": Lost connection to MySQL server during query
[21:42:33] [WARNING] mysql_connect: no password specified
[21:44:27] [ERROR] error #2013 while executing query "SELECT * FROM `accounts` WHERE `name` = 'Ersa' LIMIT 1": Lost connection to MySQL server during query
[21:52:20] [WARNING] mysql_connect: no password specified
[21:56:39] [WARNING] mysql_connect: no password specified
[22:02:42] [WARNING] mysql_connect: no password specified
[22:04:07] [WARNING] mysql_connect: no password specified
[22:04:21] [WARNING] mysql_connect: no password specified
[22:05:55] [WARNING] mysql_connect: no password specified
[23:12:13] [WARNING] mysql_connect: no password specified
[23:12:41] [WARNING] mysql_connect: no password specified
[23:16:27] [WARNING] mysql_connect: no password specified
[13:44:56] [WARNING] mysql_connect: no password specified
[14:08:14] [WARNING] mysql_connect: no password specified
[14:13:33] [WARNING] mysql_connect: no password specified
[14:19:53] [WARNING] mysql_connect: no password specified
[14:27:20] [WARNING] mysql_connect: no password specified
[14:27:49] [WARNING] mysql_connect: no password specified
[14:36:25] [WARNING] mysql_connect: no password specified
[14:36:48] [WARNING] mysql_connect: no password specified
[14:44:18] [WARNING] mysql_connect: no password specified
[14:45:46] [WARNING] mysql_connect: no password specified
[14:45:53] [WARNING] mysql_connect: no password specified
[14:46:48] [WARNING] mysql_connect: no password specified
[14:47:12] [WARNING] mysql_connect: no password specified
[14:48:33] [WARNING] mysql_connect: no password specified
[14:55:20] [WARNING] mysql_connect: no password specified
[14:58:22] [WARNING] mysql_connect: no password specified
[15:00:50] [WARNING] mysql_connect: no password specified
